{"level":"info","message":"Application Name: Cinema API - Testing"}
{"level":"error","message":"connect ECONNREFUSED 127.0.0.1:27017 connect ECONNREFUSED 127.0.0.1:27017","reason":{"commonWireVersion":0,"compatible":true,"heartbeatFrequencyMS":10000,"localThresholdMS":15,"logicalSessionTimeoutMinutes":null,"maxElectionId":null,"maxSetVersion":null,"servers":{},"setName":null,"stale":false,"type":"Unknown"},"stack":"MongooseServerSelectionError: connect ECONNREFUSED 127.0.0.1:27017\n    at _handleConnectionErrors (C:\\Users\\mathi\\Documents\\Summer 2023\\Node.js\\yts\\node_modules\\mongoose\\lib\\connection.js:805:11)\n    at NativeConnection.openUri (C:\\Users\\mathi\\Documents\\Summer 2023\\Node.js\\yts\\node_modules\\mongoose\\lib\\connection.js:780:11)"}
{"level":"info","message":"Application Name: Cinema API - Testing"}
{"level":"info","message":"Connected to MongoDB..."}
{"level":"info","message":"Application Name: Cinema API - Testing"}
{"level":"info","message":"Connected to MongoDB..."}
{"level":"info","message":"Application Name: Cinema API - Testing"}
{"level":"info","message":"Connected to MongoDB..."}
{"level":"error","message":"Cannot read properties of undefined (reading '_id') Cannot read properties of undefined (reading '_id')","stack":"TypeError: Cannot read properties of undefined (reading '_id')\n    at C:\\Users\\mathi\\Documents\\Summer 2023\\Node.js\\yts\\routes\\users.js:15:47\n    at C:\\Users\\mathi\\Documents\\Summer 2023\\Node.js\\yts\\middlewares\\async.js:4:13\n    at Layer.handle [as handle_request] (C:\\Users\\mathi\\Documents\\Summer 2023\\Node.js\\yts\\node_modules\\express\\lib\\router\\layer.js:95:5)\n    at next (C:\\Users\\mathi\\Documents\\Summer 2023\\Node.js\\yts\\node_modules\\express\\lib\\router\\route.js:144:13)\n    at Route.dispatch (C:\\Users\\mathi\\Documents\\Summer 2023\\Node.js\\yts\\node_modules\\express\\lib\\router\\route.js:114:3)\n    at Layer.handle [as handle_request] (C:\\Users\\mathi\\Documents\\Summer 2023\\Node.js\\yts\\node_modules\\express\\lib\\router\\layer.js:95:5)\n    at C:\\Users\\mathi\\Documents\\Summer 2023\\Node.js\\yts\\node_modules\\express\\lib\\router\\index.js:284:15\n    at Function.process_params (C:\\Users\\mathi\\Documents\\Summer 2023\\Node.js\\yts\\node_modules\\express\\lib\\router\\index.js:346:12)\n    at next (C:\\Users\\mathi\\Documents\\Summer 2023\\Node.js\\yts\\node_modules\\express\\lib\\router\\index.js:280:10)\n    at Function.handle (C:\\Users\\mathi\\Documents\\Summer 2023\\Node.js\\yts\\node_modules\\express\\lib\\router\\index.js:175:3)"}
{"level":"error","message":"Cannot read properties of undefined (reading '_id') Cannot read properties of undefined (reading '_id')","stack":"TypeError: Cannot read properties of undefined (reading '_id')\n    at C:\\Users\\mathi\\Documents\\Summer 2023\\Node.js\\yts\\routes\\users.js:15:47\n    at C:\\Users\\mathi\\Documents\\Summer 2023\\Node.js\\yts\\middlewares\\async.js:4:13\n    at Layer.handle [as handle_request] (C:\\Users\\mathi\\Documents\\Summer 2023\\Node.js\\yts\\node_modules\\express\\lib\\router\\layer.js:95:5)\n    at next (C:\\Users\\mathi\\Documents\\Summer 2023\\Node.js\\yts\\node_modules\\express\\lib\\router\\route.js:144:13)\n    at Route.dispatch (C:\\Users\\mathi\\Documents\\Summer 2023\\Node.js\\yts\\node_modules\\express\\lib\\router\\route.js:114:3)\n    at Layer.handle [as handle_request] (C:\\Users\\mathi\\Documents\\Summer 2023\\Node.js\\yts\\node_modules\\express\\lib\\router\\layer.js:95:5)\n    at C:\\Users\\mathi\\Documents\\Summer 2023\\Node.js\\yts\\node_modules\\express\\lib\\router\\index.js:284:15\n    at Function.process_params (C:\\Users\\mathi\\Documents\\Summer 2023\\Node.js\\yts\\node_modules\\express\\lib\\router\\index.js:346:12)\n    at next (C:\\Users\\mathi\\Documents\\Summer 2023\\Node.js\\yts\\node_modules\\express\\lib\\router\\index.js:280:10)\n    at Function.handle (C:\\Users\\mathi\\Documents\\Summer 2023\\Node.js\\yts\\node_modules\\express\\lib\\router\\index.js:175:3)"}
{"level":"error","message":"Cannot read properties of undefined (reading '_id') Cannot read properties of undefined (reading '_id')","stack":"TypeError: Cannot read properties of undefined (reading '_id')\n    at C:\\Users\\mathi\\Documents\\Summer 2023\\Node.js\\yts\\routes\\users.js:15:47\n    at C:\\Users\\mathi\\Documents\\Summer 2023\\Node.js\\yts\\middlewares\\async.js:4:13\n    at Layer.handle [as handle_request] (C:\\Users\\mathi\\Documents\\Summer 2023\\Node.js\\yts\\node_modules\\express\\lib\\router\\layer.js:95:5)\n    at next (C:\\Users\\mathi\\Documents\\Summer 2023\\Node.js\\yts\\node_modules\\express\\lib\\router\\route.js:144:13)\n    at Route.dispatch (C:\\Users\\mathi\\Documents\\Summer 2023\\Node.js\\yts\\node_modules\\express\\lib\\router\\route.js:114:3)\n    at Layer.handle [as handle_request] (C:\\Users\\mathi\\Documents\\Summer 2023\\Node.js\\yts\\node_modules\\express\\lib\\router\\layer.js:95:5)\n    at C:\\Users\\mathi\\Documents\\Summer 2023\\Node.js\\yts\\node_modules\\express\\lib\\router\\index.js:284:15\n    at Function.process_params (C:\\Users\\mathi\\Documents\\Summer 2023\\Node.js\\yts\\node_modules\\express\\lib\\router\\index.js:346:12)\n    at next (C:\\Users\\mathi\\Documents\\Summer 2023\\Node.js\\yts\\node_modules\\express\\lib\\router\\index.js:280:10)\n    at Function.handle (C:\\Users\\mathi\\Documents\\Summer 2023\\Node.js\\yts\\node_modules\\express\\lib\\router\\index.js:175:3)"}
{"level":"info","message":"Application Name: Cinema API - Testing"}
{"level":"info","message":"Connected to MongoDB..."}
{"level":"info","message":"Application Name: Cinema API - Testing"}
{"level":"info","message":"Connected to MongoDB..."}
{"level":"info","message":"Application Name: Cinema API - Testing"}
{"level":"info","message":"Connected to MongoDB..."}
{"level":"info","message":"Application Name: Cinema API - Testing"}
{"level":"info","message":"Connected to MongoDB..."}
{"level":"info","message":"Application Name: Cinema API - Testing"}
{"level":"info","message":"Connected to MongoDB..."}
{"level":"info","message":"Application Name: Cinema API - Testing"}
{"level":"info","message":"Connected to MongoDB..."}
{"level":"info","message":"Application Name: Cinema API - Testing"}
{"level":"info","message":"Connected to MongoDB..."}
{"level":"info","message":"Application Name: Cinema API - Testing"}
{"level":"info","message":"Connected to MongoDB..."}
{"level":"info","message":"Application Name: Cinema API - Testing"}
{"level":"info","message":"Connected to MongoDB..."}
{"level":"info","message":"Application Name: Cinema API - Testing"}
{"level":"info","message":"Connected to MongoDB..."}
{"level":"info","message":"Application Name: Cinema API - Testing"}
{"level":"info","message":"Connected to MongoDB..."}
{"level":"info","message":"Application Name: Cinema API - Testing"}
{"level":"info","message":"Connected to MongoDB..."}
{"level":"info","message":"Application Name: Cinema API - Testing"}
{"level":"info","message":"Connected to MongoDB..."}
{"level":"info","message":"Application Name: Cinema API - Testing"}
{"level":"info","message":"Connected to MongoDB..."}
{"level":"info","message":"Application Name: Cinema API - Testing"}
{"level":"info","message":"Connected to MongoDB..."}
{"level":"info","message":"Application Name: Cinema API - Testing"}
{"level":"info","message":"Connected to MongoDB..."}
{"level":"info","message":"Application Name: Cinema API - Testing"}
{"level":"info","message":"Connected to MongoDB..."}
{"level":"info","message":"Application Name: Cinema API - Testing"}
{"level":"info","message":"Connected to MongoDB..."}
{"level":"info","message":"Application Name: Cinema API - Testing"}
{"level":"info","message":"Connected to MongoDB..."}
{"level":"info","message":"Application Name: Cinema API - Testing"}
{"level":"info","message":"Connected to MongoDB..."}
{"level":"info","message":"Application Name: Cinema API - Testing"}
{"level":"info","message":"Connected to MongoDB..."}
{"level":"info","message":"Application Name: Cinema API - Testing"}
{"level":"info","message":"Connected to MongoDB..."}
{"level":"info","message":"Application Name: Cinema API - Testing"}
{"level":"info","message":"Connected to MongoDB..."}
{"level":"info","message":"Application Name: Cinema API - Testing"}
{"level":"info","message":"Connected to MongoDB..."}
{"level":"info","message":"Application Name: Cinema API - Testing"}
{"level":"info","message":"Connected to MongoDB..."}
{"level":"info","message":"Application Name: Cinema API - Testing"}
{"level":"info","message":"Connected to MongoDB..."}
{"level":"info","message":"Application Name: Cinema API - Testing"}
{"level":"info","message":"Connected to MongoDB..."}
{"level":"info","message":"Application Name: Cinema API - Testing"}
{"level":"info","message":"Connected to MongoDB..."}
{"level":"info","message":"Application Name: Cinema API - Testing"}
{"level":"info","message":"Connected to MongoDB..."}
{"level":"info","message":"Application Name: Cinema API - Testing"}
{"level":"info","message":"Connected to MongoDB..."}
{"level":"info","message":"Application Name: Cinema API - Testing"}
{"level":"info","message":"Connected to MongoDB..."}
{"level":"info","message":"Application Name: Cinema API - Testing"}
{"level":"info","message":"Connected to MongoDB..."}
{"level":"info","message":"Application Name: Cinema API - Testing"}
{"level":"info","message":"Connected to MongoDB..."}
{"level":"info","message":"Application Name: Cinema API - Testing"}
{"level":"info","message":"Connected to MongoDB..."}
{"level":"info","message":"Application Name: Cinema API - Testing"}
{"level":"info","message":"Connected to MongoDB..."}
{"level":"info","message":"Application Name: Cinema API - Testing"}
{"level":"info","message":"Connected to MongoDB..."}
{"level":"info","message":"Application Name: Cinema API - Testing"}
{"level":"info","message":"Connected to MongoDB..."}
{"level":"info","message":"Application Name: Cinema API - Testing"}
{"level":"info","message":"Connected to MongoDB..."}
{"level":"info","message":"Application Name: Cinema API - Testing"}
{"level":"info","message":"Connected to MongoDB..."}
{"level":"info","message":"Application Name: Cinema API - Testing"}
{"level":"info","message":"Connected to MongoDB..."}
{"level":"info","message":"Application Name: Cinema API - Testing"}
{"level":"info","message":"Connected to MongoDB..."}
{"level":"info","message":"Application Name: Cinema API - Testing"}
{"level":"info","message":"Connected to MongoDB..."}
{"level":"info","message":"Application Name: Cinema API - Testing"}
{"level":"info","message":"Connected to MongoDB..."}
{"level":"info","message":"Application Name: Cinema API - Testing"}
{"level":"info","message":"Connected to MongoDB..."}
{"level":"info","message":"Application Name: Cinema API - Testing"}
{"level":"info","message":"Connected to MongoDB..."}
{"level":"info","message":"Application Name: Cinema API - Testing"}
{"level":"info","message":"Connected to MongoDB..."}
{"level":"info","message":"Application Name: Cinema API - Testing"}
{"level":"info","message":"Connected to MongoDB..."}
{"level":"info","message":"Application Name: Cinema API - Testing"}
{"level":"info","message":"Connected to MongoDB..."}
{"level":"info","message":"Application Name: Cinema API - Testing"}
{"level":"info","message":"Connected to MongoDB..."}
{"level":"info","message":"Application Name: Cinema API - Testing"}
{"level":"info","message":"Connected to MongoDB..."}
{"level":"info","message":"Application Name: Cinema API - Testing"}
{"level":"info","message":"Connected to MongoDB..."}
{"level":"info","message":"Application Name: Cinema API - Testing"}
{"level":"info","message":"Connected to MongoDB..."}
{"level":"info","message":"Application Name: Cinema API - Testing"}
{"level":"info","message":"Connected to MongoDB..."}
{"level":"info","message":"Application Name: Cinema API - Testing"}
{"level":"info","message":"Connected to MongoDB..."}
{"level":"info","message":"Application Name: Cinema API - Testing"}
{"level":"info","message":"Connected to MongoDB..."}
{"level":"info","message":"Application Name: Cinema API - Testing"}
{"level":"info","message":"Connected to MongoDB..."}
{"level":"info","message":"Application Name: Cinema API - Testing"}
{"level":"info","message":"Connected to MongoDB..."}
{"level":"info","message":"Application Name: Cinema API - Testing"}
{"level":"info","message":"Connected to MongoDB..."}
{"level":"info","message":"Application Name: Cinema API - Testing"}
{"level":"info","message":"Connected to MongoDB..."}
{"level":"info","message":"Application Name: Cinema API - Testing"}
{"level":"info","message":"Connected to MongoDB..."}
{"level":"info","message":"Application Name: Cinema API - Testing"}
{"level":"info","message":"Connected to MongoDB..."}
{"level":"info","message":"Application Name: Cinema API - Testing"}
{"level":"info","message":"Connected to MongoDB..."}
{"level":"info","message":"Application Name: Cinema API - Testing"}
{"level":"info","message":"Connected to MongoDB..."}
{"level":"info","message":"Application Name: Cinema API - Testing"}
{"level":"info","message":"Connected to MongoDB..."}
{"level":"info","message":"Application Name: Cinema API - Testing"}
{"level":"info","message":"Connected to MongoDB..."}
{"level":"info","message":"Application Name: Cinema API - Testing"}
{"level":"info","message":"Connected to MongoDB..."}
{"level":"info","message":"Application Name: Cinema API - Testing"}
{"level":"info","message":"Connected to MongoDB..."}
{"level":"info","message":"Application Name: Cinema API - Testing"}
{"level":"info","message":"Connected to MongoDB..."}
{"level":"info","message":"Application Name: Cinema API - Testing"}
{"level":"info","message":"Connected to MongoDB..."}
{"level":"info","message":"Application Name: Cinema API - Testing"}
{"level":"info","message":"Connected to MongoDB..."}
{"level":"info","message":"Application Name: Cinema API - Testing"}
{"level":"info","message":"Connected to MongoDB..."}
{"level":"info","message":"Application Name: Cinema API - Testing"}
{"level":"info","message":"Connected to MongoDB..."}
{"level":"info","message":"Application Name: Cinema API - Testing"}
{"level":"info","message":"Connected to MongoDB..."}
{"level":"info","message":"Application Name: Cinema API - Testing"}
{"level":"info","message":"Connected to MongoDB..."}
{"level":"info","message":"Application Name: Cinema API - Testing"}
{"level":"info","message":"Connected to MongoDB..."}
{"level":"info","message":"Application Name: Cinema API - Testing"}
{"level":"info","message":"Connected to MongoDB..."}
{"level":"info","message":"Application Name: Cinema API - Testing"}
{"level":"info","message":"Connected to MongoDB..."}
{"level":"info","message":"Application Name: Cinema API - Testing"}
{"level":"info","message":"Connected to MongoDB..."}
{"level":"info","message":"Application Name: Cinema API - Testing"}
{"level":"info","message":"Connected to MongoDB..."}
{"level":"info","message":"Application Name: Cinema API - Testing"}
{"level":"info","message":"Connected to MongoDB..."}
{"level":"info","message":"Application Name: Cinema API - Testing"}
{"level":"info","message":"Connected to MongoDB..."}
{"level":"info","message":"Application Name: Cinema API - Testing"}
{"level":"info","message":"Connected to MongoDB..."}
{"level":"info","message":"Application Name: Cinema API - Testing"}
{"level":"info","message":"Connected to MongoDB..."}
{"level":"info","message":"Application Name: Cinema API - Testing"}
{"level":"info","message":"Connected to MongoDB..."}
{"level":"info","message":"Application Name: Cinema API - Testing"}
{"level":"info","message":"Connected to MongoDB..."}
{"level":"info","message":"Application Name: Cinema API - Testing"}
{"level":"info","message":"Connected to MongoDB..."}
{"level":"info","message":"Application Name: Cinema API - Testing"}
{"level":"info","message":"Connected to MongoDB..."}
{"level":"info","message":"Application Name: Cinema API - Testing"}
{"level":"info","message":"Connected to MongoDB..."}
{"code":11000,"index":0,"keyPattern":{"_id":1},"keyValue":{"_id":10},"level":"error","message":"E11000 duplicate key error collection: cinema_test.movies index: _id_ dup key: { _id: 10 } E11000 duplicate key error collection: cinema_test.movies index: _id_ dup key: { _id: 10 }","stack":"MongoServerError: E11000 duplicate key error collection: cinema_test.movies index: _id_ dup key: { _id: 10 }\n    at C:\\Users\\mathi\\Documents\\Summer 2023\\Node.js\\yts\\node_modules\\mongoose\\node_modules\\mongodb\\lib\\operations\\insert.js:50:33\n    at C:\\Users\\mathi\\Documents\\Summer 2023\\Node.js\\yts\\node_modules\\mongoose\\node_modules\\mongodb\\lib\\operations\\command.js:84:64\n    at process.processTicksAndRejections (node:internal/process/task_queues:95:5)"}
{"level":"info","message":"Application Name: Cinema API - Testing"}
{"level":"info","message":"Connected to MongoDB..."}
{"code":11000,"index":0,"keyPattern":{"_id":1},"keyValue":{"_id":10},"level":"error","message":"E11000 duplicate key error collection: cinema_test.movies index: _id_ dup key: { _id: 10 } E11000 duplicate key error collection: cinema_test.movies index: _id_ dup key: { _id: 10 }","stack":"MongoServerError: E11000 duplicate key error collection: cinema_test.movies index: _id_ dup key: { _id: 10 }\n    at C:\\Users\\mathi\\Documents\\Summer 2023\\Node.js\\yts\\node_modules\\mongoose\\node_modules\\mongodb\\lib\\operations\\insert.js:50:33\n    at C:\\Users\\mathi\\Documents\\Summer 2023\\Node.js\\yts\\node_modules\\mongoose\\node_modules\\mongodb\\lib\\operations\\command.js:84:64\n    at process.processTicksAndRejections (node:internal/process/task_queues:95:5)"}
{"level":"info","message":"Application Name: Cinema API - Testing"}
{"level":"info","message":"Connected to MongoDB..."}
{"level":"info","message":"Application Name: Cinema API - Testing"}
{"level":"info","message":"Connected to MongoDB..."}
{"level":"info","message":"Application Name: Cinema API - Testing"}
{"level":"info","message":"Connected to MongoDB..."}
{"level":"info","message":"Application Name: Cinema API - Testing"}
{"level":"info","message":"Connected to MongoDB..."}
{"level":"info","message":"Application Name: Cinema API - Testing"}
{"level":"info","message":"Connected to MongoDB..."}
{"level":"info","message":"Application Name: Cinema API - Testing"}
{"level":"info","message":"Connected to MongoDB..."}
{"level":"info","message":"Application Name: Cinema API - Testing"}
{"level":"info","message":"Connected to MongoDB..."}
{"code":11000,"index":0,"keyPattern":{"_id":1},"keyValue":{"_id":10},"level":"error","message":"E11000 duplicate key error collection: cinema_test.movies index: _id_ dup key: { _id: 10 } E11000 duplicate key error collection: cinema_test.movies index: _id_ dup key: { _id: 10 }","stack":"MongoServerError: E11000 duplicate key error collection: cinema_test.movies index: _id_ dup key: { _id: 10 }\n    at C:\\Users\\mathi\\Documents\\Summer 2023\\Node.js\\yts\\node_modules\\mongoose\\node_modules\\mongodb\\lib\\operations\\insert.js:50:33\n    at C:\\Users\\mathi\\Documents\\Summer 2023\\Node.js\\yts\\node_modules\\mongoose\\node_modules\\mongodb\\lib\\operations\\command.js:84:64\n    at process.processTicksAndRejections (node:internal/process/task_queues:95:5)"}
{"level":"info","message":"Application Name: Cinema API - Testing"}
{"level":"info","message":"Connected to MongoDB..."}
{"level":"info","message":"Application Name: Cinema API - Testing"}
{"level":"info","message":"Connected to MongoDB..."}
{"level":"info","message":"Application Name: Cinema API - Testing"}
{"level":"info","message":"Connected to MongoDB..."}
{"level":"info","message":"Application Name: Cinema API - Testing"}
{"level":"info","message":"Connected to MongoDB..."}
{"level":"info","message":"Application Name: Cinema API - Testing"}
{"level":"info","message":"Connected to MongoDB..."}
{"level":"info","message":"Application Name: Cinema API - Testing"}
{"level":"info","message":"Connected to MongoDB..."}
{"level":"info","message":"Application Name: Cinema API - Testing"}
{"level":"info","message":"Connected to MongoDB..."}
{"level":"info","message":"Application Name: Cinema API - Testing"}
{"level":"info","message":"Connected to MongoDB..."}
{"level":"info","message":"Application Name: Cinema API - Testing"}
{"level":"info","message":"Connected to MongoDB..."}
{"level":"info","message":"Application Name: Cinema API - Testing"}
{"level":"info","message":"Connected to MongoDB..."}
{"code":11000,"index":0,"keyPattern":{"_id":1},"keyValue":{"_id":10},"level":"error","message":"E11000 duplicate key error collection: cinema_test.movies index: _id_ dup key: { _id: 10 } E11000 duplicate key error collection: cinema_test.movies index: _id_ dup key: { _id: 10 }","stack":"MongoServerError: E11000 duplicate key error collection: cinema_test.movies index: _id_ dup key: { _id: 10 }\n    at C:\\Users\\mathi\\Documents\\Summer 2023\\Node.js\\yts\\node_modules\\mongoose\\node_modules\\mongodb\\lib\\operations\\insert.js:50:33\n    at C:\\Users\\mathi\\Documents\\Summer 2023\\Node.js\\yts\\node_modules\\mongoose\\node_modules\\mongodb\\lib\\operations\\command.js:84:64\n    at process.processTicksAndRejections (node:internal/process/task_queues:95:5)"}
{"code":11000,"index":0,"keyPattern":{"_id":1},"keyValue":{"_id":10},"level":"error","message":"E11000 duplicate key error collection: cinema_test.movies index: _id_ dup key: { _id: 10 } E11000 duplicate key error collection: cinema_test.movies index: _id_ dup key: { _id: 10 }","stack":"MongoServerError: E11000 duplicate key error collection: cinema_test.movies index: _id_ dup key: { _id: 10 }\n    at C:\\Users\\mathi\\Documents\\Summer 2023\\Node.js\\yts\\node_modules\\mongoose\\node_modules\\mongodb\\lib\\operations\\insert.js:50:33\n    at C:\\Users\\mathi\\Documents\\Summer 2023\\Node.js\\yts\\node_modules\\mongoose\\node_modules\\mongodb\\lib\\operations\\command.js:84:64\n    at process.processTicksAndRejections (node:internal/process/task_queues:95:5)"}
{"level":"info","message":"Application Name: Cinema API - Testing"}
{"level":"info","message":"Connected to MongoDB..."}
{"level":"info","message":"Application Name: Cinema API - Testing"}
{"level":"info","message":"Connected to MongoDB..."}
{"level":"info","message":"Application Name: Cinema API - Testing"}
{"level":"info","message":"Connected to MongoDB..."}
{"level":"info","message":"Application Name: Cinema API - Testing"}
{"level":"info","message":"Connected to MongoDB..."}
{"level":"info","message":"Application Name: Cinema API - Testing"}
{"level":"info","message":"Connected to MongoDB..."}
{"level":"info","message":"Application Name: Cinema API - Testing"}
{"level":"info","message":"Connected to MongoDB..."}
{"level":"info","message":"Application Name: Cinema API - Testing"}
{"level":"info","message":"Connected to MongoDB..."}
{"level":"info","message":"Application Name: Cinema API - Testing"}
{"level":"info","message":"Connected to MongoDB..."}
{"level":"info","message":"Application Name: Cinema API - Testing"}
{"level":"info","message":"Connected to MongoDB..."}
{"level":"info","message":"Application Name: Cinema API - Testing"}
{"level":"info","message":"Connected to MongoDB..."}
{"level":"info","message":"Application Name: Cinema API - Testing"}
{"level":"info","message":"Connected to MongoDB..."}
{"level":"info","message":"Application Name: Cinema API - Testing"}
{"level":"info","message":"Connected to MongoDB..."}
{"level":"info","message":"Application Name: Cinema API - Testing"}
{"level":"info","message":"Connected to MongoDB..."}
{"level":"info","message":"Application Name: Cinema API - Testing"}
{"level":"info","message":"Connected to MongoDB..."}
{"level":"info","message":"Application Name: Cinema API - Testing"}
{"level":"info","message":"Connected to MongoDB..."}
{"level":"info","message":"Application Name: Cinema API - Testing"}
{"level":"info","message":"Connected to MongoDB..."}
{"level":"info","message":"Application Name: Cinema API - Testing"}
{"level":"info","message":"Connected to MongoDB..."}
{"level":"info","message":"Application Name: Cinema API - Testing"}
{"level":"info","message":"Connected to MongoDB..."}
{"level":"info","message":"Application Name: Cinema API - Testing"}
{"level":"info","message":"Connected to MongoDB..."}
{"level":"info","message":"Application Name: Cinema API - Testing"}
{"level":"info","message":"Application Name: Cinema API - Testing"}
{"level":"info","message":"Connected to MongoDB..."}
{"level":"info","message":"Application Name: Cinema API - Testing"}
{"level":"info","message":"Connected to MongoDB..."}
{"level":"info","message":"Application Name: Cinema API - Testing"}
{"level":"info","message":"Connected to MongoDB..."}
{"level":"info","message":"Application Name: Cinema API - Testing"}
{"level":"info","message":"Connected to MongoDB..."}
{"level":"info","message":"Application Name: Cinema API - Testing"}
{"level":"info","message":"Connected to MongoDB..."}
{"level":"info","message":"Application Name: Cinema API - Testing"}
{"level":"info","message":"Connected to MongoDB..."}
{"level":"info","message":"Application Name: Cinema API - Testing"}
{"level":"info","message":"Connected to MongoDB..."}
{"level":"info","message":"Application Name: Cinema API - Testing"}
{"level":"info","message":"Connected to MongoDB..."}
{"level":"info","message":"Application Name: Cinema API - Testing"}
{"level":"info","message":"Connected to MongoDB..."}
{"level":"info","message":"Application Name: Cinema API - Testing"}
{"level":"info","message":"Connected to MongoDB..."}
{"level":"error","message":"Converting circular structure to JSON\n    --> starting at object with constructor 'MongoClient'\n    |     property 's' -> object with constructor 'Object'\n    |     property 'sessionPool' -> object with constructor 'ServerSessionPool'\n    --- property 'client' closes the circle Converting circular structure to JSON\n    --> starting at object with constructor 'MongoClient'\n    |     property 's' -> object with constructor 'Object'\n    |     property 'sessionPool' -> object with constructor 'ServerSessionPool'\n    --- property 'client' closes the circle","stack":"TypeError: Converting circular structure to JSON\n    --> starting at object with constructor 'MongoClient'\n    |     property 's' -> object with constructor 'Object'\n    |     property 'sessionPool' -> object with constructor 'ServerSessionPool'\n    --- property 'client' closes the circle\n    at JSON.stringify (<anonymous>)\n    at stringify (C:\\Users\\mathi\\Documents\\Summer 2023\\Node.js\\yts\\node_modules\\express\\lib\\response.js:1150:12)\n    at ServerResponse.json (C:\\Users\\mathi\\Documents\\Summer 2023\\Node.js\\yts\\node_modules\\express\\lib\\response.js:271:14)\n    at ServerResponse.send (C:\\Users\\mathi\\Documents\\Summer 2023\\Node.js\\yts\\node_modules\\express\\lib\\response.js:162:21)\n    at C:\\Users\\mathi\\Documents\\Summer 2023\\Node.js\\yts\\routes\\users.js:34:16\n    at C:\\Users\\mathi\\Documents\\Summer 2023\\Node.js\\yts\\middlewares\\async.js:4:13\n    at Layer.handle [as handle_request] (C:\\Users\\mathi\\Documents\\Summer 2023\\Node.js\\yts\\node_modules\\express\\lib\\router\\layer.js:95:5)\n    at next (C:\\Users\\mathi\\Documents\\Summer 2023\\Node.js\\yts\\node_modules\\express\\lib\\router\\route.js:144:13)\n    at admin (C:\\Users\\mathi\\Documents\\Summer 2023\\Node.js\\yts\\middlewares\\admin.js:5:3)\n    at Layer.handle [as handle_request] (C:\\Users\\mathi\\Documents\\Summer 2023\\Node.js\\yts\\node_modules\\express\\lib\\router\\layer.js:95:5)"}
{"level":"error","message":"Converting circular structure to JSON\n    --> starting at object with constructor 'MongoClient'\n    |     property 's' -> object with constructor 'Object'\n    |     property 'sessionPool' -> object with constructor 'ServerSessionPool'\n    --- property 'client' closes the circle Converting circular structure to JSON\n    --> starting at object with constructor 'MongoClient'\n    |     property 's' -> object with constructor 'Object'\n    |     property 'sessionPool' -> object with constructor 'ServerSessionPool'\n    --- property 'client' closes the circle","stack":"TypeError: Converting circular structure to JSON\n    --> starting at object with constructor 'MongoClient'\n    |     property 's' -> object with constructor 'Object'\n    |     property 'sessionPool' -> object with constructor 'ServerSessionPool'\n    --- property 'client' closes the circle\n    at JSON.stringify (<anonymous>)\n    at stringify (C:\\Users\\mathi\\Documents\\Summer 2023\\Node.js\\yts\\node_modules\\express\\lib\\response.js:1150:12)\n    at ServerResponse.json (C:\\Users\\mathi\\Documents\\Summer 2023\\Node.js\\yts\\node_modules\\express\\lib\\response.js:271:14)\n    at ServerResponse.send (C:\\Users\\mathi\\Documents\\Summer 2023\\Node.js\\yts\\node_modules\\express\\lib\\response.js:162:21)\n    at C:\\Users\\mathi\\Documents\\Summer 2023\\Node.js\\yts\\routes\\users.js:34:16\n    at C:\\Users\\mathi\\Documents\\Summer 2023\\Node.js\\yts\\middlewares\\async.js:4:13\n    at Layer.handle [as handle_request] (C:\\Users\\mathi\\Documents\\Summer 2023\\Node.js\\yts\\node_modules\\express\\lib\\router\\layer.js:95:5)\n    at next (C:\\Users\\mathi\\Documents\\Summer 2023\\Node.js\\yts\\node_modules\\express\\lib\\router\\route.js:144:13)\n    at admin (C:\\Users\\mathi\\Documents\\Summer 2023\\Node.js\\yts\\middlewares\\admin.js:5:3)\n    at Layer.handle [as handle_request] (C:\\Users\\mathi\\Documents\\Summer 2023\\Node.js\\yts\\node_modules\\express\\lib\\router\\layer.js:95:5)"}
{"level":"error","message":"Converting circular structure to JSON\n    --> starting at object with constructor 'MongoClient'\n    |     property 's' -> object with constructor 'Object'\n    |     property 'sessionPool' -> object with constructor 'ServerSessionPool'\n    --- property 'client' closes the circle Converting circular structure to JSON\n    --> starting at object with constructor 'MongoClient'\n    |     property 's' -> object with constructor 'Object'\n    |     property 'sessionPool' -> object with constructor 'ServerSessionPool'\n    --- property 'client' closes the circle","stack":"TypeError: Converting circular structure to JSON\n    --> starting at object with constructor 'MongoClient'\n    |     property 's' -> object with constructor 'Object'\n    |     property 'sessionPool' -> object with constructor 'ServerSessionPool'\n    --- property 'client' closes the circle\n    at JSON.stringify (<anonymous>)\n    at stringify (C:\\Users\\mathi\\Documents\\Summer 2023\\Node.js\\yts\\node_modules\\express\\lib\\response.js:1150:12)\n    at ServerResponse.json (C:\\Users\\mathi\\Documents\\Summer 2023\\Node.js\\yts\\node_modules\\express\\lib\\response.js:271:14)\n    at ServerResponse.send (C:\\Users\\mathi\\Documents\\Summer 2023\\Node.js\\yts\\node_modules\\express\\lib\\response.js:162:21)\n    at C:\\Users\\mathi\\Documents\\Summer 2023\\Node.js\\yts\\routes\\users.js:34:16\n    at C:\\Users\\mathi\\Documents\\Summer 2023\\Node.js\\yts\\middlewares\\async.js:4:13\n    at Layer.handle [as handle_request] (C:\\Users\\mathi\\Documents\\Summer 2023\\Node.js\\yts\\node_modules\\express\\lib\\router\\layer.js:95:5)\n    at next (C:\\Users\\mathi\\Documents\\Summer 2023\\Node.js\\yts\\node_modules\\express\\lib\\router\\route.js:144:13)\n    at admin (C:\\Users\\mathi\\Documents\\Summer 2023\\Node.js\\yts\\middlewares\\admin.js:5:3)\n    at Layer.handle [as handle_request] (C:\\Users\\mathi\\Documents\\Summer 2023\\Node.js\\yts\\node_modules\\express\\lib\\router\\layer.js:95:5)"}
{"level":"info","message":"Application Name: Cinema API - Testing"}
{"level":"info","message":"Connected to MongoDB..."}
{"level":"info","message":"Application Name: Cinema API - Testing"}
{"level":"info","message":"Connected to MongoDB..."}
{"level":"info","message":"Application Name: Cinema API - Testing"}
{"level":"info","message":"Connected to MongoDB..."}
{"level":"info","message":"Application Name: Cinema API - Testing"}
{"level":"info","message":"Connected to MongoDB..."}
{"level":"info","message":"Application Name: Cinema API - Testing"}
{"level":"info","message":"Connected to MongoDB..."}
{"level":"info","message":"Application Name: Cinema API - Testing"}
{"level":"info","message":"Connected to MongoDB..."}
{"level":"info","message":"Application Name: Cinema API - Testing"}
{"level":"info","message":"Connected to MongoDB..."}
{"level":"info","message":"Application Name: Cinema API - Testing"}
{"level":"info","message":"Connected to MongoDB..."}
{"level":"info","message":"Application Name: Cinema API - Testing"}
{"level":"info","message":"Connected to MongoDB..."}
{"level":"info","message":"Application Name: Cinema API - Testing"}
{"level":"info","message":"Connected to MongoDB..."}
{"level":"info","message":"Application Name: Cinema API - Testing"}
{"level":"info","message":"Connected to MongoDB..."}
{"level":"info","message":"Application Name: Cinema API - Testing"}
{"level":"info","message":"Connected to MongoDB..."}
{"level":"info","message":"Application Name: Cinema API - Testing"}
{"level":"info","message":"Connected to MongoDB..."}
{"level":"info","message":"Application Name: Cinema API - Testing"}
{"level":"info","message":"Connected to MongoDB..."}
{"level":"info","message":"Application Name: Cinema API - Testing"}
{"level":"info","message":"Connected to MongoDB..."}
{"level":"info","message":"Application Name: Cinema API - Testing"}
{"level":"info","message":"Connected to MongoDB..."}
{"level":"info","message":"Application Name: Cinema API - Testing"}
{"level":"info","message":"Connected to MongoDB..."}
{"level":"info","message":"Application Name: Cinema API - Testing"}
{"level":"info","message":"Connected to MongoDB..."}
{"level":"info","message":"Application Name: Cinema API - Testing"}
{"level":"info","message":"Connected to MongoDB..."}
{"level":"info","message":"Application Name: Cinema API - Testing"}
{"level":"info","message":"Connected to MongoDB..."}
{"level":"info","message":"Application Name: Cinema API - Testing"}
{"level":"info","message":"Connected to MongoDB..."}
{"level":"info","message":"Application Name: Cinema API - Testing"}
{"level":"info","message":"Connected to MongoDB..."}
{"level":"info","message":"Application Name: Cinema API - Testing"}
{"level":"info","message":"Connected to MongoDB..."}
{"level":"info","message":"Application Name: Cinema API - Testing"}
{"level":"info","message":"Connected to MongoDB..."}
{"level":"info","message":"Application Name: Cinema API - Testing"}
{"level":"info","message":"Connected to MongoDB..."}
{"level":"error","message":"req.query is not a function req.query is not a function","stack":"TypeError: req.query is not a function\n    at C:\\Users\\mathi\\Documents\\Summer 2023\\Node.js\\yts\\routes\\movies.js:10:11\n    at Layer.handle [as handle_request] (C:\\Users\\mathi\\Documents\\Summer 2023\\Node.js\\yts\\node_modules\\express\\lib\\router\\layer.js:95:5)\n    at next (C:\\Users\\mathi\\Documents\\Summer 2023\\Node.js\\yts\\node_modules\\express\\lib\\router\\route.js:144:13)\n    at Route.dispatch (C:\\Users\\mathi\\Documents\\Summer 2023\\Node.js\\yts\\node_modules\\express\\lib\\router\\route.js:114:3)\n    at Layer.handle [as handle_request] (C:\\Users\\mathi\\Documents\\Summer 2023\\Node.js\\yts\\node_modules\\express\\lib\\router\\layer.js:95:5)\n    at C:\\Users\\mathi\\Documents\\Summer 2023\\Node.js\\yts\\node_modules\\express\\lib\\router\\index.js:284:15\n    at Function.process_params (C:\\Users\\mathi\\Documents\\Summer 2023\\Node.js\\yts\\node_modules\\express\\lib\\router\\index.js:346:12)\n    at next (C:\\Users\\mathi\\Documents\\Summer 2023\\Node.js\\yts\\node_modules\\express\\lib\\router\\index.js:280:10)\n    at Function.handle (C:\\Users\\mathi\\Documents\\Summer 2023\\Node.js\\yts\\node_modules\\express\\lib\\router\\index.js:175:3)\n    at router (C:\\Users\\mathi\\Documents\\Summer 2023\\Node.js\\yts\\node_modules\\express\\lib\\router\\index.js:47:12)"}
{"level":"info","message":"Application Name: Cinema API - Testing"}
{"level":"info","message":"Connected to MongoDB..."}
{"level":"info","message":"Application Name: Cinema API - Testing"}
{"level":"info","message":"Connected to MongoDB..."}
{"level":"info","message":"Application Name: Cinema API - Testing"}
{"level":"info","message":"Connected to MongoDB..."}
{"level":"info","message":"Application Name: Cinema API - Testing"}
{"level":"info","message":"Connected to MongoDB..."}
{"level":"info","message":"Application Name: Cinema API - Testing"}
{"level":"info","message":"Connected to MongoDB..."}
{"code":"ERR_HTTP_HEADERS_SENT","level":"error","message":"Cannot set headers after they are sent to the client Cannot set headers after they are sent to the client","stack":"Error [ERR_HTTP_HEADERS_SENT]: Cannot set headers after they are sent to the client\n    at new NodeError (node:internal/errors:405:5)\n    at ServerResponse.setHeader (node:_http_outgoing:648:11)\n    at ServerResponse.header (C:\\Users\\mathi\\Documents\\Summer 2023\\Node.js\\yts\\node_modules\\express\\lib\\response.js:794:10)\n    at ServerResponse.send (C:\\Users\\mathi\\Documents\\Summer 2023\\Node.js\\yts\\node_modules\\express\\lib\\response.js:174:12)\n    at ServerResponse.json (C:\\Users\\mathi\\Documents\\Summer 2023\\Node.js\\yts\\node_modules\\express\\lib\\response.js:278:15)\n    at ServerResponse.send (C:\\Users\\mathi\\Documents\\Summer 2023\\Node.js\\yts\\node_modules\\express\\lib\\response.js:162:21)\n    at C:\\Users\\mathi\\Documents\\Summer 2023\\Node.js\\yts\\routes\\movies.js:20:27\n    at process.processTicksAndRejections (node:internal/process/task_queues:95:5)"}
{"level":"info","message":"Application Name: Cinema API - Testing"}
{"level":"info","message":"Connected to MongoDB..."}
{"level":"info","message":"Application Name: Cinema API - Testing"}
{"level":"info","message":"Connected to MongoDB..."}
{"code":"ERR_HTTP_HEADERS_SENT","level":"error","message":"Cannot set headers after they are sent to the client Cannot set headers after they are sent to the client","stack":"Error [ERR_HTTP_HEADERS_SENT]: Cannot set headers after they are sent to the client\n    at new NodeError (node:internal/errors:405:5)\n    at ServerResponse.setHeader (node:_http_outgoing:648:11)\n    at ServerResponse.header (C:\\Users\\mathi\\Documents\\Summer 2023\\Node.js\\yts\\node_modules\\express\\lib\\response.js:794:10)\n    at ServerResponse.send (C:\\Users\\mathi\\Documents\\Summer 2023\\Node.js\\yts\\node_modules\\express\\lib\\response.js:174:12)\n    at ServerResponse.json (C:\\Users\\mathi\\Documents\\Summer 2023\\Node.js\\yts\\node_modules\\express\\lib\\response.js:278:15)\n    at ServerResponse.send (C:\\Users\\mathi\\Documents\\Summer 2023\\Node.js\\yts\\node_modules\\express\\lib\\response.js:162:21)\n    at C:\\Users\\mathi\\Documents\\Summer 2023\\Node.js\\yts\\routes\\movies.js:23:27\n    at process.processTicksAndRejections (node:internal/process/task_queues:95:5)"}
{"code":"ERR_HTTP_HEADERS_SENT","level":"error","message":"Cannot set headers after they are sent to the client Cannot set headers after they are sent to the client","stack":"Error [ERR_HTTP_HEADERS_SENT]: Cannot set headers after they are sent to the client\n    at new NodeError (node:internal/errors:405:5)\n    at ServerResponse.setHeader (node:_http_outgoing:648:11)\n    at ServerResponse.header (C:\\Users\\mathi\\Documents\\Summer 2023\\Node.js\\yts\\node_modules\\express\\lib\\response.js:794:10)\n    at ServerResponse.send (C:\\Users\\mathi\\Documents\\Summer 2023\\Node.js\\yts\\node_modules\\express\\lib\\response.js:174:12)\n    at ServerResponse.json (C:\\Users\\mathi\\Documents\\Summer 2023\\Node.js\\yts\\node_modules\\express\\lib\\response.js:278:15)\n    at ServerResponse.send (C:\\Users\\mathi\\Documents\\Summer 2023\\Node.js\\yts\\node_modules\\express\\lib\\response.js:162:21)\n    at C:\\Users\\mathi\\Documents\\Summer 2023\\Node.js\\yts\\routes\\movies.js:23:27\n    at process.processTicksAndRejections (node:internal/process/task_queues:95:5)"}
{"code":"ERR_HTTP_HEADERS_SENT","level":"error","message":"Cannot set headers after they are sent to the client Cannot set headers after they are sent to the client","stack":"Error [ERR_HTTP_HEADERS_SENT]: Cannot set headers after they are sent to the client\n    at new NodeError (node:internal/errors:405:5)\n    at ServerResponse.setHeader (node:_http_outgoing:648:11)\n    at ServerResponse.header (C:\\Users\\mathi\\Documents\\Summer 2023\\Node.js\\yts\\node_modules\\express\\lib\\response.js:794:10)\n    at ServerResponse.send (C:\\Users\\mathi\\Documents\\Summer 2023\\Node.js\\yts\\node_modules\\express\\lib\\response.js:174:12)\n    at ServerResponse.json (C:\\Users\\mathi\\Documents\\Summer 2023\\Node.js\\yts\\node_modules\\express\\lib\\response.js:278:15)\n    at ServerResponse.send (C:\\Users\\mathi\\Documents\\Summer 2023\\Node.js\\yts\\node_modules\\express\\lib\\response.js:162:21)\n    at C:\\Users\\mathi\\Documents\\Summer 2023\\Node.js\\yts\\routes\\movies.js:23:27\n    at process.processTicksAndRejections (node:internal/process/task_queues:95:5)"}
{"level":"info","message":"Application Name: Cinema API - Testing"}
{"level":"info","message":"Connected to MongoDB..."}
{"level":"info","message":"Application Name: Cinema API - Testing"}
{"level":"info","message":"Connected to MongoDB..."}
{"level":"info","message":"Application Name: Cinema API - Testing"}
{"level":"info","message":"Connected to MongoDB..."}
{"level":"info","message":"Application Name: Cinema API - Testing"}
{"level":"info","message":"Connected to MongoDB..."}
{"level":"info","message":"Application Name: Cinema API - Testing"}
{"level":"info","message":"Connected to MongoDB..."}
{"level":"info","message":"Application Name: Cinema API - Testing"}
{"level":"info","message":"Connected to MongoDB..."}
{"code":"ERR_HTTP_HEADERS_SENT","level":"error","message":"Cannot set headers after they are sent to the client Cannot set headers after they are sent to the client","stack":"Error [ERR_HTTP_HEADERS_SENT]: Cannot set headers after they are sent to the client\n    at new NodeError (node:internal/errors:405:5)\n    at ServerResponse.setHeader (node:_http_outgoing:648:11)\n    at ServerResponse.header (C:\\Users\\mathi\\Documents\\Summer 2023\\Node.js\\yts\\node_modules\\express\\lib\\response.js:794:10)\n    at ServerResponse.send (C:\\Users\\mathi\\Documents\\Summer 2023\\Node.js\\yts\\node_modules\\express\\lib\\response.js:174:12)\n    at ServerResponse.json (C:\\Users\\mathi\\Documents\\Summer 2023\\Node.js\\yts\\node_modules\\express\\lib\\response.js:278:15)\n    at ServerResponse.send (C:\\Users\\mathi\\Documents\\Summer 2023\\Node.js\\yts\\node_modules\\express\\lib\\response.js:162:21)\n    at C:\\Users\\mathi\\Documents\\Summer 2023\\Node.js\\yts\\routes\\movies.js:24:27\n    at process.processTicksAndRejections (node:internal/process/task_queues:95:5)"}
{"level":"info","message":"Application Name: Cinema API - Testing"}
{"level":"info","message":"Connected to MongoDB..."}
{"code":"ERR_HTTP_HEADERS_SENT","level":"error","message":"Cannot set headers after they are sent to the client Cannot set headers after they are sent to the client","stack":"Error [ERR_HTTP_HEADERS_SENT]: Cannot set headers after they are sent to the client\n    at new NodeError (node:internal/errors:405:5)\n    at ServerResponse.setHeader (node:_http_outgoing:648:11)\n    at ServerResponse.header (C:\\Users\\mathi\\Documents\\Summer 2023\\Node.js\\yts\\node_modules\\express\\lib\\response.js:794:10)\n    at ServerResponse.send (C:\\Users\\mathi\\Documents\\Summer 2023\\Node.js\\yts\\node_modules\\express\\lib\\response.js:174:12)\n    at ServerResponse.json (C:\\Users\\mathi\\Documents\\Summer 2023\\Node.js\\yts\\node_modules\\express\\lib\\response.js:278:15)\n    at ServerResponse.send (C:\\Users\\mathi\\Documents\\Summer 2023\\Node.js\\yts\\node_modules\\express\\lib\\response.js:162:21)\n    at C:\\Users\\mathi\\Documents\\Summer 2023\\Node.js\\yts\\routes\\movies.js:25:27\n    at process.processTicksAndRejections (node:internal/process/task_queues:95:5)"}
{"level":"info","message":"Application Name: Cinema API - Testing"}
{"level":"info","message":"Connected to MongoDB..."}
{"level":"info","message":"Application Name: Cinema API - Testing"}
{"level":"info","message":"Connected to MongoDB..."}
{"level":"info","message":"Application Name: Cinema API - Testing"}
{"level":"info","message":"Connected to MongoDB..."}
{"level":"info","message":"Application Name: Cinema API - Testing"}
{"level":"info","message":"Connected to MongoDB..."}
{"level":"info","message":"Application Name: Cinema API - Testing"}
{"level":"info","message":"Connected to MongoDB..."}
{"kind":"Number","level":"error","message":"Cast to Number failed for value \"NaN\" (type number) at path \"year\" for model \"Movie\" Cast to Number failed for value \"NaN\" (type number) at path \"year\" for model \"Movie\"","path":"year","reason":{"actual":false,"code":"ERR_ASSERTION","expected":true,"generatedMessage":true,"operator":"=="},"stack":"CastError: Cast to Number failed for value \"NaN\" (type number) at path \"year\" for model \"Movie\"\n    at SchemaNumber.cast (C:\\Users\\mathi\\Documents\\Summer 2023\\Node.js\\yts\\node_modules\\mongoose\\lib\\schema\\number.js:380:11)\n    at SchemaNumber.handleSingle (C:\\Users\\mathi\\Documents\\Summer 2023\\Node.js\\yts\\node_modules\\mongoose\\lib\\schema\\number.js:389:15)\n    at SchemaNumber.castForQuery (C:\\Users\\mathi\\Documents\\Summer 2023\\Node.js\\yts\\node_modules\\mongoose\\lib\\schema\\number.js:430:20)\n    at cast (C:\\Users\\mathi\\Documents\\Summer 2023\\Node.js\\yts\\node_modules\\mongoose\\lib\\cast.js:334:39)\n    at Query.cast (C:\\Users\\mathi\\Documents\\Summer 2023\\Node.js\\yts\\node_modules\\mongoose\\lib\\query.js:4910:12)\n    at Query._castConditions (C:\\Users\\mathi\\Documents\\Summer 2023\\Node.js\\yts\\node_modules\\mongoose\\lib\\query.js:2232:10)\n    at model.Query._find (C:\\Users\\mathi\\Documents\\Summer 2023\\Node.js\\yts\\node_modules\\mongoose\\lib\\query.js:2258:8)\n    at model.Query.exec (C:\\Users\\mathi\\Documents\\Summer 2023\\Node.js\\yts\\node_modules\\mongoose\\lib\\query.js:4429:28)\n    at process.processTicksAndRejections (node:internal/process/task_queues:95:5)","stringValue":"\"NaN\"","value":null,"valueType":"number"}
{"level":"info","message":"Application Name: Cinema API - Testing"}
{"level":"info","message":"Connected to MongoDB..."}
{"kind":"Number","level":"error","message":"Cast to Number failed for value \"NaN\" (type number) at path \"year\" for model \"Movie\" Cast to Number failed for value \"NaN\" (type number) at path \"year\" for model \"Movie\"","path":"year","reason":{"actual":false,"code":"ERR_ASSERTION","expected":true,"generatedMessage":true,"operator":"=="},"stack":"CastError: Cast to Number failed for value \"NaN\" (type number) at path \"year\" for model \"Movie\"\n    at SchemaNumber.cast (C:\\Users\\mathi\\Documents\\Summer 2023\\Node.js\\yts\\node_modules\\mongoose\\lib\\schema\\number.js:380:11)\n    at SchemaNumber.handleSingle (C:\\Users\\mathi\\Documents\\Summer 2023\\Node.js\\yts\\node_modules\\mongoose\\lib\\schema\\number.js:389:15)\n    at SchemaNumber.castForQuery (C:\\Users\\mathi\\Documents\\Summer 2023\\Node.js\\yts\\node_modules\\mongoose\\lib\\schema\\number.js:430:20)\n    at cast (C:\\Users\\mathi\\Documents\\Summer 2023\\Node.js\\yts\\node_modules\\mongoose\\lib\\cast.js:334:39)\n    at Query.cast (C:\\Users\\mathi\\Documents\\Summer 2023\\Node.js\\yts\\node_modules\\mongoose\\lib\\query.js:4910:12)\n    at Query._castConditions (C:\\Users\\mathi\\Documents\\Summer 2023\\Node.js\\yts\\node_modules\\mongoose\\lib\\query.js:2232:10)\n    at model.Query._find (C:\\Users\\mathi\\Documents\\Summer 2023\\Node.js\\yts\\node_modules\\mongoose\\lib\\query.js:2258:8)\n    at model.Query.exec (C:\\Users\\mathi\\Documents\\Summer 2023\\Node.js\\yts\\node_modules\\mongoose\\lib\\query.js:4429:28)\n    at process.processTicksAndRejections (node:internal/process/task_queues:95:5)","stringValue":"\"NaN\"","value":null,"valueType":"number"}
{"kind":"Number","level":"error","message":"Cast to Number failed for value \"NaN\" (type number) at path \"year\" for model \"Movie\" Cast to Number failed for value \"NaN\" (type number) at path \"year\" for model \"Movie\"","path":"year","reason":{"actual":false,"code":"ERR_ASSERTION","expected":true,"generatedMessage":true,"operator":"=="},"stack":"CastError: Cast to Number failed for value \"NaN\" (type number) at path \"year\" for model \"Movie\"\n    at SchemaNumber.cast (C:\\Users\\mathi\\Documents\\Summer 2023\\Node.js\\yts\\node_modules\\mongoose\\lib\\schema\\number.js:380:11)\n    at SchemaNumber.handleSingle (C:\\Users\\mathi\\Documents\\Summer 2023\\Node.js\\yts\\node_modules\\mongoose\\lib\\schema\\number.js:389:15)\n    at SchemaNumber.castForQuery (C:\\Users\\mathi\\Documents\\Summer 2023\\Node.js\\yts\\node_modules\\mongoose\\lib\\schema\\number.js:430:20)\n    at cast (C:\\Users\\mathi\\Documents\\Summer 2023\\Node.js\\yts\\node_modules\\mongoose\\lib\\cast.js:334:39)\n    at Query.cast (C:\\Users\\mathi\\Documents\\Summer 2023\\Node.js\\yts\\node_modules\\mongoose\\lib\\query.js:4910:12)\n    at Query._castConditions (C:\\Users\\mathi\\Documents\\Summer 2023\\Node.js\\yts\\node_modules\\mongoose\\lib\\query.js:2232:10)\n    at model.Query._find (C:\\Users\\mathi\\Documents\\Summer 2023\\Node.js\\yts\\node_modules\\mongoose\\lib\\query.js:2258:8)\n    at model.Query.exec (C:\\Users\\mathi\\Documents\\Summer 2023\\Node.js\\yts\\node_modules\\mongoose\\lib\\query.js:4429:28)\n    at process.processTicksAndRejections (node:internal/process/task_queues:95:5)","stringValue":"\"NaN\"","value":null,"valueType":"number"}
{"level":"info","message":"Application Name: Cinema API - Testing"}
{"level":"info","message":"Connected to MongoDB..."}
{"kind":"Number","level":"error","message":"Cast to Number failed for value \"NaN\" (type number) at path \"year\" for model \"Movie\" Cast to Number failed for value \"NaN\" (type number) at path \"year\" for model \"Movie\"","path":"year","reason":{"actual":false,"code":"ERR_ASSERTION","expected":true,"generatedMessage":true,"operator":"=="},"stack":"CastError: Cast to Number failed for value \"NaN\" (type number) at path \"year\" for model \"Movie\"\n    at SchemaNumber.cast (C:\\Users\\mathi\\Documents\\Summer 2023\\Node.js\\yts\\node_modules\\mongoose\\lib\\schema\\number.js:380:11)\n    at SchemaNumber.handleSingle (C:\\Users\\mathi\\Documents\\Summer 2023\\Node.js\\yts\\node_modules\\mongoose\\lib\\schema\\number.js:389:15)\n    at SchemaNumber.castForQuery (C:\\Users\\mathi\\Documents\\Summer 2023\\Node.js\\yts\\node_modules\\mongoose\\lib\\schema\\number.js:430:20)\n    at cast (C:\\Users\\mathi\\Documents\\Summer 2023\\Node.js\\yts\\node_modules\\mongoose\\lib\\cast.js:334:39)\n    at Query.cast (C:\\Users\\mathi\\Documents\\Summer 2023\\Node.js\\yts\\node_modules\\mongoose\\lib\\query.js:4910:12)\n    at Query._castConditions (C:\\Users\\mathi\\Documents\\Summer 2023\\Node.js\\yts\\node_modules\\mongoose\\lib\\query.js:2232:10)\n    at model.Query._find (C:\\Users\\mathi\\Documents\\Summer 2023\\Node.js\\yts\\node_modules\\mongoose\\lib\\query.js:2258:8)\n    at model.Query.exec (C:\\Users\\mathi\\Documents\\Summer 2023\\Node.js\\yts\\node_modules\\mongoose\\lib\\query.js:4429:28)\n    at process.processTicksAndRejections (node:internal/process/task_queues:95:5)","stringValue":"\"NaN\"","value":null,"valueType":"number"}
{"level":"info","message":"Application Name: Cinema API - Testing"}
{"level":"info","message":"Connected to MongoDB..."}
{"kind":"Number","level":"error","message":"Cast to Number failed for value \"NaN\" (type number) at path \"rating\" for model \"Movie\" Cast to Number failed for value \"NaN\" (type number) at path \"rating\" for model \"Movie\"","path":"rating","reason":{"actual":false,"code":"ERR_ASSERTION","expected":true,"generatedMessage":true,"operator":"=="},"stack":"CastError: Cast to Number failed for value \"NaN\" (type number) at path \"rating\" for model \"Movie\"\n    at SchemaNumber.cast (C:\\Users\\mathi\\Documents\\Summer 2023\\Node.js\\yts\\node_modules\\mongoose\\lib\\schema\\number.js:380:11)\n    at SchemaNumber.handleSingle (C:\\Users\\mathi\\Documents\\Summer 2023\\Node.js\\yts\\node_modules\\mongoose\\lib\\schema\\number.js:389:15)\n    at SchemaNumber.castForQuery (C:\\Users\\mathi\\Documents\\Summer 2023\\Node.js\\yts\\node_modules\\mongoose\\lib\\schema\\number.js:430:20)\n    at cast (C:\\Users\\mathi\\Documents\\Summer 2023\\Node.js\\yts\\node_modules\\mongoose\\lib\\cast.js:334:39)\n    at Query.cast (C:\\Users\\mathi\\Documents\\Summer 2023\\Node.js\\yts\\node_modules\\mongoose\\lib\\query.js:4910:12)\n    at Query._castConditions (C:\\Users\\mathi\\Documents\\Summer 2023\\Node.js\\yts\\node_modules\\mongoose\\lib\\query.js:2232:10)\n    at model.Query._find (C:\\Users\\mathi\\Documents\\Summer 2023\\Node.js\\yts\\node_modules\\mongoose\\lib\\query.js:2258:8)\n    at model.Query.exec (C:\\Users\\mathi\\Documents\\Summer 2023\\Node.js\\yts\\node_modules\\mongoose\\lib\\query.js:4429:28)\n    at process.processTicksAndRejections (node:internal/process/task_queues:95:5)","stringValue":"\"NaN\"","value":null,"valueType":"number"}
{"kind":"Number","level":"error","message":"Cast to Number failed for value \"NaN\" (type number) at path \"rating\" for model \"Movie\" Cast to Number failed for value \"NaN\" (type number) at path \"rating\" for model \"Movie\"","path":"rating","reason":{"actual":false,"code":"ERR_ASSERTION","expected":true,"generatedMessage":true,"operator":"=="},"stack":"CastError: Cast to Number failed for value \"NaN\" (type number) at path \"rating\" for model \"Movie\"\n    at SchemaNumber.cast (C:\\Users\\mathi\\Documents\\Summer 2023\\Node.js\\yts\\node_modules\\mongoose\\lib\\schema\\number.js:380:11)\n    at SchemaNumber.handleSingle (C:\\Users\\mathi\\Documents\\Summer 2023\\Node.js\\yts\\node_modules\\mongoose\\lib\\schema\\number.js:389:15)\n    at SchemaNumber.castForQuery (C:\\Users\\mathi\\Documents\\Summer 2023\\Node.js\\yts\\node_modules\\mongoose\\lib\\schema\\number.js:430:20)\n    at cast (C:\\Users\\mathi\\Documents\\Summer 2023\\Node.js\\yts\\node_modules\\mongoose\\lib\\cast.js:334:39)\n    at Query.cast (C:\\Users\\mathi\\Documents\\Summer 2023\\Node.js\\yts\\node_modules\\mongoose\\lib\\query.js:4910:12)\n    at Query._castConditions (C:\\Users\\mathi\\Documents\\Summer 2023\\Node.js\\yts\\node_modules\\mongoose\\lib\\query.js:2232:10)\n    at model.Query._find (C:\\Users\\mathi\\Documents\\Summer 2023\\Node.js\\yts\\node_modules\\mongoose\\lib\\query.js:2258:8)\n    at model.Query.exec (C:\\Users\\mathi\\Documents\\Summer 2023\\Node.js\\yts\\node_modules\\mongoose\\lib\\query.js:4429:28)\n    at process.processTicksAndRejections (node:internal/process/task_queues:95:5)","stringValue":"\"NaN\"","value":null,"valueType":"number"}
{"kind":"Number","level":"error","message":"Cast to Number failed for value \"NaN\" (type number) at path \"rating\" for model \"Movie\" Cast to Number failed for value \"NaN\" (type number) at path \"rating\" for model \"Movie\"","path":"rating","reason":{"actual":false,"code":"ERR_ASSERTION","expected":true,"generatedMessage":true,"operator":"=="},"stack":"CastError: Cast to Number failed for value \"NaN\" (type number) at path \"rating\" for model \"Movie\"\n    at SchemaNumber.cast (C:\\Users\\mathi\\Documents\\Summer 2023\\Node.js\\yts\\node_modules\\mongoose\\lib\\schema\\number.js:380:11)\n    at SchemaNumber.handleSingle (C:\\Users\\mathi\\Documents\\Summer 2023\\Node.js\\yts\\node_modules\\mongoose\\lib\\schema\\number.js:389:15)\n    at SchemaNumber.castForQuery (C:\\Users\\mathi\\Documents\\Summer 2023\\Node.js\\yts\\node_modules\\mongoose\\lib\\schema\\number.js:430:20)\n    at cast (C:\\Users\\mathi\\Documents\\Summer 2023\\Node.js\\yts\\node_modules\\mongoose\\lib\\cast.js:334:39)\n    at Query.cast (C:\\Users\\mathi\\Documents\\Summer 2023\\Node.js\\yts\\node_modules\\mongoose\\lib\\query.js:4910:12)\n    at Query._castConditions (C:\\Users\\mathi\\Documents\\Summer 2023\\Node.js\\yts\\node_modules\\mongoose\\lib\\query.js:2232:10)\n    at model.Query._find (C:\\Users\\mathi\\Documents\\Summer 2023\\Node.js\\yts\\node_modules\\mongoose\\lib\\query.js:2258:8)\n    at model.Query.exec (C:\\Users\\mathi\\Documents\\Summer 2023\\Node.js\\yts\\node_modules\\mongoose\\lib\\query.js:4429:28)\n    at process.processTicksAndRejections (node:internal/process/task_queues:95:5)","stringValue":"\"NaN\"","value":null,"valueType":"number"}
{"level":"info","message":"Application Name: Cinema API - Testing"}
{"level":"info","message":"Connected to MongoDB..."}
{"level":"info","message":"Application Name: Cinema API - Testing"}
{"level":"info","message":"Connected to MongoDB..."}
{"code":16410,"codeName":"Location16410","level":"error","message":"FieldPath field names may not start with '$'. Consider using $getField or $setField. FieldPath field names may not start with '$'. Consider using $getField or $setField.","ok":0,"stack":"MongoServerError: FieldPath field names may not start with '$'. Consider using $getField or $setField.\n    at Connection.onMessage (C:\\Users\\mathi\\Documents\\Summer 2023\\Node.js\\yts\\node_modules\\mongoose\\node_modules\\mongodb\\lib\\cmap\\connection.js:202:26)\n    at MessageStream.<anonymous> (C:\\Users\\mathi\\Documents\\Summer 2023\\Node.js\\yts\\node_modules\\mongoose\\node_modules\\mongodb\\lib\\cmap\\connection.js:61:60)\n    at MessageStream.emit (node:events:514:28)\n    at processIncomingData (C:\\Users\\mathi\\Documents\\Summer 2023\\Node.js\\yts\\node_modules\\mongoose\\node_modules\\mongodb\\lib\\cmap\\message_stream.js:124:16)\n    at MessageStream._write (C:\\Users\\mathi\\Documents\\Summer 2023\\Node.js\\yts\\node_modules\\mongoose\\node_modules\\mongodb\\lib\\cmap\\message_stream.js:33:9)\n    at writeOrBuffer (node:internal/streams/writable:392:12)\n    at _write (node:internal/streams/writable:333:10)\n    at Writable.write (node:internal/streams/writable:337:10)\n    at Socket.ondata (node:internal/streams/readable:766:22)\n    at Socket.emit (node:events:514:28)"}
{"code":16410,"codeName":"Location16410","level":"error","message":"FieldPath field names may not start with '$'. Consider using $getField or $setField. FieldPath field names may not start with '$'. Consider using $getField or $setField.","ok":0,"stack":"MongoServerError: FieldPath field names may not start with '$'. Consider using $getField or $setField.\n    at Connection.onMessage (C:\\Users\\mathi\\Documents\\Summer 2023\\Node.js\\yts\\node_modules\\mongoose\\node_modules\\mongodb\\lib\\cmap\\connection.js:202:26)\n    at MessageStream.<anonymous> (C:\\Users\\mathi\\Documents\\Summer 2023\\Node.js\\yts\\node_modules\\mongoose\\node_modules\\mongodb\\lib\\cmap\\connection.js:61:60)\n    at MessageStream.emit (node:events:514:28)\n    at processIncomingData (C:\\Users\\mathi\\Documents\\Summer 2023\\Node.js\\yts\\node_modules\\mongoose\\node_modules\\mongodb\\lib\\cmap\\message_stream.js:124:16)\n    at MessageStream._write (C:\\Users\\mathi\\Documents\\Summer 2023\\Node.js\\yts\\node_modules\\mongoose\\node_modules\\mongodb\\lib\\cmap\\message_stream.js:33:9)\n    at writeOrBuffer (node:internal/streams/writable:392:12)\n    at _write (node:internal/streams/writable:333:10)\n    at Writable.write (node:internal/streams/writable:337:10)\n    at Socket.ondata (node:internal/streams/readable:766:22)\n    at Socket.emit (node:events:514:28)"}
{"level":"info","message":"Application Name: Cinema API - Testing"}
{"level":"info","message":"Connected to MongoDB..."}
{"code":16410,"codeName":"Location16410","level":"error","message":"FieldPath field names may not start with '$'. Consider using $getField or $setField. FieldPath field names may not start with '$'. Consider using $getField or $setField.","ok":0,"stack":"MongoServerError: FieldPath field names may not start with '$'. Consider using $getField or $setField.\n    at Connection.onMessage (C:\\Users\\mathi\\Documents\\Summer 2023\\Node.js\\yts\\node_modules\\mongoose\\node_modules\\mongodb\\lib\\cmap\\connection.js:202:26)\n    at MessageStream.<anonymous> (C:\\Users\\mathi\\Documents\\Summer 2023\\Node.js\\yts\\node_modules\\mongoose\\node_modules\\mongodb\\lib\\cmap\\connection.js:61:60)\n    at MessageStream.emit (node:events:514:28)\n    at processIncomingData (C:\\Users\\mathi\\Documents\\Summer 2023\\Node.js\\yts\\node_modules\\mongoose\\node_modules\\mongodb\\lib\\cmap\\message_stream.js:124:16)\n    at MessageStream._write (C:\\Users\\mathi\\Documents\\Summer 2023\\Node.js\\yts\\node_modules\\mongoose\\node_modules\\mongodb\\lib\\cmap\\message_stream.js:33:9)\n    at writeOrBuffer (node:internal/streams/writable:392:12)\n    at _write (node:internal/streams/writable:333:10)\n    at Writable.write (node:internal/streams/writable:337:10)\n    at Socket.ondata (node:internal/streams/readable:766:22)\n    at Socket.emit (node:events:514:28)"}
{"level":"info","message":"Application Name: Cinema API - Testing"}
{"level":"info","message":"Connected to MongoDB..."}
{"code":"ERR_HTTP_HEADERS_SENT","level":"error","message":"Cannot set headers after they are sent to the client Cannot set headers after they are sent to the client","stack":"Error [ERR_HTTP_HEADERS_SENT]: Cannot set headers after they are sent to the client\n    at new NodeError (node:internal/errors:405:5)\n    at ServerResponse.setHeader (node:_http_outgoing:648:11)\n    at ServerResponse.header (C:\\Users\\mathi\\Documents\\Summer 2023\\Node.js\\yts\\node_modules\\express\\lib\\response.js:794:10)\n    at ServerResponse.send (C:\\Users\\mathi\\Documents\\Summer 2023\\Node.js\\yts\\node_modules\\express\\lib\\response.js:174:12)\n    at ServerResponse.json (C:\\Users\\mathi\\Documents\\Summer 2023\\Node.js\\yts\\node_modules\\express\\lib\\response.js:278:15)\n    at ServerResponse.send (C:\\Users\\mathi\\Documents\\Summer 2023\\Node.js\\yts\\node_modules\\express\\lib\\response.js:162:21)\n    at C:\\Users\\mathi\\Documents\\Summer 2023\\Node.js\\yts\\routes\\movies.js:25:27\n    at process.processTicksAndRejections (node:internal/process/task_queues:95:5)"}
{"code":"ERR_HTTP_HEADERS_SENT","level":"error","message":"Cannot set headers after they are sent to the client Cannot set headers after they are sent to the client","stack":"Error [ERR_HTTP_HEADERS_SENT]: Cannot set headers after they are sent to the client\n    at new NodeError (node:internal/errors:405:5)\n    at ServerResponse.setHeader (node:_http_outgoing:648:11)\n    at ServerResponse.header (C:\\Users\\mathi\\Documents\\Summer 2023\\Node.js\\yts\\node_modules\\express\\lib\\response.js:794:10)\n    at ServerResponse.send (C:\\Users\\mathi\\Documents\\Summer 2023\\Node.js\\yts\\node_modules\\express\\lib\\response.js:174:12)\n    at ServerResponse.json (C:\\Users\\mathi\\Documents\\Summer 2023\\Node.js\\yts\\node_modules\\express\\lib\\response.js:278:15)\n    at ServerResponse.send (C:\\Users\\mathi\\Documents\\Summer 2023\\Node.js\\yts\\node_modules\\express\\lib\\response.js:162:21)\n    at C:\\Users\\mathi\\Documents\\Summer 2023\\Node.js\\yts\\routes\\movies.js:25:27\n    at process.processTicksAndRejections (node:internal/process/task_queues:95:5)"}
{"code":"ERR_HTTP_HEADERS_SENT","level":"error","message":"Cannot set headers after they are sent to the client Cannot set headers after they are sent to the client","stack":"Error [ERR_HTTP_HEADERS_SENT]: Cannot set headers after they are sent to the client\n    at new NodeError (node:internal/errors:405:5)\n    at ServerResponse.setHeader (node:_http_outgoing:648:11)\n    at ServerResponse.header (C:\\Users\\mathi\\Documents\\Summer 2023\\Node.js\\yts\\node_modules\\express\\lib\\response.js:794:10)\n    at ServerResponse.send (C:\\Users\\mathi\\Documents\\Summer 2023\\Node.js\\yts\\node_modules\\express\\lib\\response.js:174:12)\n    at ServerResponse.json (C:\\Users\\mathi\\Documents\\Summer 2023\\Node.js\\yts\\node_modules\\express\\lib\\response.js:278:15)\n    at ServerResponse.send (C:\\Users\\mathi\\Documents\\Summer 2023\\Node.js\\yts\\node_modules\\express\\lib\\response.js:162:21)\n    at C:\\Users\\mathi\\Documents\\Summer 2023\\Node.js\\yts\\routes\\movies.js:25:27\n    at process.processTicksAndRejections (node:internal/process/task_queues:95:5)"}
{"level":"info","message":"Application Name: Cinema API - Testing"}
{"level":"info","message":"Connected to MongoDB..."}
{"code":"ERR_HTTP_HEADERS_SENT","level":"error","message":"Cannot set headers after they are sent to the client Cannot set headers after they are sent to the client","stack":"Error [ERR_HTTP_HEADERS_SENT]: Cannot set headers after they are sent to the client\n    at new NodeError (node:internal/errors:405:5)\n    at ServerResponse.setHeader (node:_http_outgoing:648:11)\n    at ServerResponse.header (C:\\Users\\mathi\\Documents\\Summer 2023\\Node.js\\yts\\node_modules\\express\\lib\\response.js:794:10)\n    at ServerResponse.send (C:\\Users\\mathi\\Documents\\Summer 2023\\Node.js\\yts\\node_modules\\express\\lib\\response.js:174:12)\n    at ServerResponse.json (C:\\Users\\mathi\\Documents\\Summer 2023\\Node.js\\yts\\node_modules\\express\\lib\\response.js:278:15)\n    at ServerResponse.send (C:\\Users\\mathi\\Documents\\Summer 2023\\Node.js\\yts\\node_modules\\express\\lib\\response.js:162:21)\n    at C:\\Users\\mathi\\Documents\\Summer 2023\\Node.js\\yts\\routes\\movies.js:25:27\n    at process.processTicksAndRejections (node:internal/process/task_queues:95:5)"}
{"code":"ERR_HTTP_HEADERS_SENT","level":"error","message":"Cannot set headers after they are sent to the client Cannot set headers after they are sent to the client","stack":"Error [ERR_HTTP_HEADERS_SENT]: Cannot set headers after they are sent to the client\n    at new NodeError (node:internal/errors:405:5)\n    at ServerResponse.setHeader (node:_http_outgoing:648:11)\n    at ServerResponse.header (C:\\Users\\mathi\\Documents\\Summer 2023\\Node.js\\yts\\node_modules\\express\\lib\\response.js:794:10)\n    at ServerResponse.send (C:\\Users\\mathi\\Documents\\Summer 2023\\Node.js\\yts\\node_modules\\express\\lib\\response.js:174:12)\n    at ServerResponse.json (C:\\Users\\mathi\\Documents\\Summer 2023\\Node.js\\yts\\node_modules\\express\\lib\\response.js:278:15)\n    at ServerResponse.send (C:\\Users\\mathi\\Documents\\Summer 2023\\Node.js\\yts\\node_modules\\express\\lib\\response.js:162:21)\n    at C:\\Users\\mathi\\Documents\\Summer 2023\\Node.js\\yts\\routes\\movies.js:25:27\n    at process.processTicksAndRejections (node:internal/process/task_queues:95:5)"}
{"level":"info","message":"Application Name: Cinema API - Testing"}
{"level":"info","message":"Connected to MongoDB..."}
{"level":"info","message":"Application Name: Cinema API - Testing"}
{"level":"info","message":"Connected to MongoDB..."}
{"level":"info","message":"Application Name: Cinema API - Testing"}
{"level":"info","message":"Connected to MongoDB..."}
{"code":"ERR_HTTP_HEADERS_SENT","level":"error","message":"Cannot set headers after they are sent to the client Cannot set headers after they are sent to the client","stack":"Error [ERR_HTTP_HEADERS_SENT]: Cannot set headers after they are sent to the client\n    at new NodeError (node:internal/errors:405:5)\n    at ServerResponse.setHeader (node:_http_outgoing:648:11)\n    at ServerResponse.header (C:\\Users\\mathi\\Documents\\Summer 2023\\Node.js\\yts\\node_modules\\express\\lib\\response.js:794:10)\n    at ServerResponse.send (C:\\Users\\mathi\\Documents\\Summer 2023\\Node.js\\yts\\node_modules\\express\\lib\\response.js:174:12)\n    at ServerResponse.json (C:\\Users\\mathi\\Documents\\Summer 2023\\Node.js\\yts\\node_modules\\express\\lib\\response.js:278:15)\n    at ServerResponse.send (C:\\Users\\mathi\\Documents\\Summer 2023\\Node.js\\yts\\node_modules\\express\\lib\\response.js:162:21)\n    at C:\\Users\\mathi\\Documents\\Summer 2023\\Node.js\\yts\\routes\\movies.js:25:27\n    at process.processTicksAndRejections (node:internal/process/task_queues:95:5)"}
{"level":"info","message":"Application Name: Cinema API - Testing"}
{"level":"info","message":"Connected to MongoDB..."}
{"code":"ERR_HTTP_HEADERS_SENT","level":"error","message":"Cannot set headers after they are sent to the client Cannot set headers after they are sent to the client","stack":"Error [ERR_HTTP_HEADERS_SENT]: Cannot set headers after they are sent to the client\n    at new NodeError (node:internal/errors:405:5)\n    at ServerResponse.setHeader (node:_http_outgoing:648:11)\n    at ServerResponse.header (C:\\Users\\mathi\\Documents\\Summer 2023\\Node.js\\yts\\node_modules\\express\\lib\\response.js:794:10)\n    at ServerResponse.send (C:\\Users\\mathi\\Documents\\Summer 2023\\Node.js\\yts\\node_modules\\express\\lib\\response.js:174:12)\n    at ServerResponse.json (C:\\Users\\mathi\\Documents\\Summer 2023\\Node.js\\yts\\node_modules\\express\\lib\\response.js:278:15)\n    at ServerResponse.send (C:\\Users\\mathi\\Documents\\Summer 2023\\Node.js\\yts\\node_modules\\express\\lib\\response.js:162:21)\n    at C:\\Users\\mathi\\Documents\\Summer 2023\\Node.js\\yts\\routes\\movies.js:25:27\n    at process.processTicksAndRejections (node:internal/process/task_queues:95:5)"}
